2023/04/20 17:20:53 Database connection establisched!
2023/04/20 17:21:11 Database connection establisched!
2023/04/20 17:22:32 Database connection establisched!
2023/04/20 17:25:50 Database connection establisched!
2023/04/20 17:29:57 No licenseplate provided
2023/04/20 17:30:19 No licenseplate provided, program terminated.
2023/04/20 17:30:39 Database connection establisched!
2023/04/21 09:08:52 Database connection establisched!
2023/04/21 09:09:21 No licenseplate provided, program terminated.
2023/04/21 13:20:51 No licenseplate provided, program terminated.
2023/04/21 13:21:13 Database not responding to ping request: dial tcp 127.0.0.1:3306: connectex: No connection could be made because the target machine actively refused it.
2023/04/21 13:21:33 Database connection establisched!
2023/04/21 13:35:57 Database connection establisched!
2023/04/24 12:11:03 No licenseplate provided, program terminated.
2023/04/24 12:11:13 Database connection establisched!
2023/04/24 12:17:51 Database connection establisched!
2023/04/24 12:19:25 Database connection establisched!
2023/04/24 12:19:36 Database connection establisched!
2023/04/24 12:20:08 Database connection establisched!
2023/04/24 12:20:41 Database connection establisched!
2023/04/24 12:20:48 Database connection establisched!
2023/04/24 12:22:36 Database connection establisched!
2023/04/24 12:23:03 Database connection establisched!
2023/04/24 12:23:19 Database connection establisched!
2023/04/24 12:23:40 Failed to send http request: Post "http://192.168.137.196:80/switch/gate/turn_on": dial tcp 192.168.137.196:80: connectex: A connection attempt failed because the connected party did not properly respond after a period of time, or established connection failed because connected host has failed to respond.
2023/04/24 12:24:00 Database connection establisched!
2023/04/24 12:24:21 Failed to send http request: Post "http://192.168.137.196:80/switch/gate/turn_on": dial tcp 192.168.137.196:80: connectex: A connection attempt failed because the connected party did not properly respond after a period of time, or established connection failed because connected host has failed to respond.
2023/04/24 12:27:57 No licenseplate provided, program terminated.
2023/04/24 15:46:09 No licenseplate provided, program terminated.
2023/04/24 15:46:20 No licenseplate provided, program terminated.
2023/04/24 15:46:33 Database not responding to ping request: dial tcp 127.0.0.1:3306: connectex: No connection could be made because the target machine actively refused it.
2023/04/24 15:52:12 Database not responding to ping request: dial tcp 127.0.0.1:3306: connectex: No connection could be made because the target machine actively refused it.
2023/04/24 15:52:40 Database not responding to ping request: dial tcp 127.0.0.1:3306: connectex: No connection could be made because the target machine actively refused it.
2023/04/24 15:53:07 Database connection establisched!
2023/04/24 15:53:12 Failed to send http request: Post "http://gatekeeper.local:80/switch/gate/turn_on": dial tcp: lookup gatekeeper.local: no such host
2023/04/24 15:53:44 Database connection establisched!
2023/04/24 15:53:49 Failed to send http request: Post "http://gatekeeper.local:80/switch/gate/turn_on": dial tcp: lookup gatekeeper.local: no such host
2023/04/24 15:54:18 Database connection establisched!
2023/04/24 15:54:50 Database connection establisched!
2023/04/24 15:55:44 Database connection establisched!
2023/04/24 15:55:44 Response status: 200 OK
2023/04/24 15:57:20 Database connection establisched!
2023/04/24 15:57:20 Response status: 200 OK
2023/04/24 15:57:52 Database connection establisched!
2023/04/24 15:57:52 Response status: 200 OK
2023/04/24 16:02:41 Database connection establisched!
2023/04/24 16:02:41 Response status: 200 OK
2023/04/24 16:02:48 Database connection establisched!
2023/04/24 16:02:48 Response status: 200 OK
2023/04/24 16:04:12 Database connection establisched!
2023/04/24 16:04:13 Response status: 200 OK
2023/05/08 09:10:41 No licenseplate provided, program terminated.
2023/05/08 09:11:26 Database connection establisched!
2023/05/08 09:11:26 Response status: 200 OK
2023/05/08 09:11:46 Database connection establisched!
2023/05/08 09:11:46 Response status: 200 OK
2023/05/08 09:13:00 Database connection establisched!
2023/05/08 09:13:00 Response status: 200 OK
2023/05/08 09:17:27 Database connection establisched!
2023/05/08 09:17:28 Response status: 200 OK
2023/05/08 09:17:34 Database connection establisched!
2023/05/08 11:03:35 Database connection establisched!
2023/05/08 11:04:36 Database connection establisched!
2023/05/08 11:04:58 Failed to send http request: Post "http://192.168.137.54:80/switch/gate/turn_on": dial tcp 192.168.137.54:80: connectex: A connection attempt failed because the connected party did not properly respond after a period of time, or established connection failed because connected host has failed to respond.
2023/05/08 11:06:56 Database connection establisched!
2023/05/08 11:07:17 Failed to send http request: Post "http://192.168.137.54:80/switch/gate/turn_on": dial tcp 192.168.137.54:80: connectex: A connection attempt failed because the connected party did not properly respond after a period of time, or established connection failed because connected host has failed to respond.
2023/05/08 11:07:48 Database connection establisched!
2023/05/08 11:07:51 Response status: 200 OK
2023/05/08 11:35:19 Database connection establisched!
2023/05/08 11:35:20 Response status: 200 OK
2023/05/09 09:18:03 Database connection establisched!
2023/05/09 09:18:08 Failed to send http request: Post "http://192.168.137.77:80/switch/gate/turn_on": dial tcp 192.168.137.77:80: connectex: An established connection was aborted by the software in your host machine.
2023/05/12 11:21:36 No licenseplate provided, program terminated.
2023/05/12 11:21:45 invalid character '}' looking for beginning of object key string
2023/05/12 11:22:04 invalid character '}' looking for beginning of object key string
2023/05/12 11:22:21 invalid character '}' looking for beginning of object key string
2023/05/12 11:22:53 invalid character '}' looking for beginning of object key string
2023/05/12 11:26:15 Response status: 200 OK
2023/05/12 11:26:35 Response status: 200 OK
2023/05/12 11:27:58 Response status: 200 OK
2023/05/12 11:47:19 Response status: 200 OK
2023/05/12 12:33:05 Response status: 200 OK
2023/05/12 12:33:57 Response status: 200 OK
2023/05/12 12:35:14 Response status: 200 OK
2023/05/12 13:20:17 Response status: 200 OK
2023/05/12 13:20:27 Response status: 200 OK
2023/05/12 13:50:17 No licenseplate provided, program terminated.
2023/05/12 13:50:18 No licenseplate provided, program terminated.
2023/05/12 13:50:19 No licenseplate provided, program terminated.
2023/05/12 13:50:20 No licenseplate provided, program terminated.
2023/05/12 13:50:21 No licenseplate provided, program terminated.
2023/05/12 13:50:22 No licenseplate provided, program terminated.
2023/05/12 13:50:23 No licenseplate provided, program terminated.
2023/05/12 13:50:26 No licenseplate provided, program terminated.
2023/05/12 13:50:27 No licenseplate provided, program terminated.
2023/05/12 13:50:28 No licenseplate provided, program terminated.
2023/05/12 13:50:29 No licenseplate provided, program terminated.
2023/05/12 13:50:30 No licenseplate provided, program terminated.
2023/05/12 13:50:30 No licenseplate provided, program terminated.
2023/05/12 13:50:32 No licenseplate provided, program terminated.
2023/05/12 13:50:34 No licenseplate provided, program terminated.
2023/05/12 13:50:36 No licenseplate provided, program terminated.
2023/05/12 13:50:36 No licenseplate provided, program terminated.
2023/05/12 13:50:37 No licenseplate provided, program terminated.
2023/05/12 13:50:38 No licenseplate provided, program terminated.
2023/05/12 13:50:38 No licenseplate provided, program terminated.
2023/05/12 13:50:40 No licenseplate provided, program terminated.
2023/05/12 13:50:41 No licenseplate provided, program terminated.
2023/05/12 13:50:42 No licenseplate provided, program terminated.
2023/05/12 13:50:42 No licenseplate provided, program terminated.
2023/05/12 13:50:43 No licenseplate provided, program terminated.
2023/05/12 13:50:48 No licenseplate provided, program terminated.
2023/05/12 13:50:49 No licenseplate provided, program terminated.
2023/05/12 13:50:49 No licenseplate provided, program terminated.
2023/05/12 13:50:50 No licenseplate provided, program terminated.
2023/05/12 13:50:51 No licenseplate provided, program terminated.
2023/05/12 13:50:58 No licenseplate provided, program terminated.
2023/05/12 13:51:00 No licenseplate provided, program terminated.
2023/05/12 13:51:01 No licenseplate provided, program terminated.
2023/05/12 13:51:02 No licenseplate provided, program terminated.
2023/05/12 13:51:02 No licenseplate provided, program terminated.
2023/05/12 13:51:03 No licenseplate provided, program terminated.
2023/05/12 13:51:05 No licenseplate provided, program terminated.
2023/05/12 13:51:06 No licenseplate provided, program terminated.
2023/05/12 13:51:07 No licenseplate provided, program terminated.
2023/05/12 13:51:08 No licenseplate provided, program terminated.
2023/05/12 13:51:10 No licenseplate provided, program terminated.
2023/05/12 13:51:11 No licenseplate provided, program terminated.
2023/05/12 13:51:13 No licenseplate provided, program terminated.
2023/05/12 13:51:14 No licenseplate provided, program terminated.
2023/05/12 13:51:16 No licenseplate provided, program terminated.
2023/05/12 13:51:17 No licenseplate provided, program terminated.
2023/05/12 13:51:18 No licenseplate provided, program terminated.
2023/05/12 13:51:19 No licenseplate provided, program terminated.
2023/05/12 13:51:21 No licenseplate provided, program terminated.
2023/05/12 13:51:22 No licenseplate provided, program terminated.
2023/05/12 13:51:23 No licenseplate provided, program terminated.
2023/05/12 13:51:23 No licenseplate provided, program terminated.
2023/05/12 13:51:24 No licenseplate provided, program terminated.
2023/05/12 13:51:25 No licenseplate provided, program terminated.
2023/05/12 13:51:26 No licenseplate provided, program terminated.
2023/05/12 13:51:27 No licenseplate provided, program terminated.
2023/05/12 13:51:28 No licenseplate provided, program terminated.
2023/05/12 13:51:29 No licenseplate provided, program terminated.
2023/05/12 13:51:30 No licenseplate provided, program terminated.
2023/05/12 13:51:32 No licenseplate provided, program terminated.
2023/05/12 13:51:34 No licenseplate provided, program terminated.
2023/05/12 13:51:35 No licenseplate provided, program terminated.
2023/05/12 13:56:15 No licenseplate provided, program terminated.
2023/05/12 14:05:48 invalid character '/' after object key:value pair
2023/05/12 14:05:52 invalid character '/' after object key:value pair
2023/05/12 14:07:23 invalid character '/' after object key:value pair
2023/05/12 14:07:27 invalid character '/' after object key:value pair
2023/05/12 14:07:31 invalid character '/' after object key:value pair
2023/05/12 14:07:40 invalid character '/' after object key:value pair
2023/05/12 14:07:42 invalid character '/' after object key:value pair
2023/05/12 14:08:05 Response status: 200 OK
2023/05/12 14:08:13 Response status: 200 OK
2023/05/12 15:57:56 No licenseplate provided, program terminated.
2023/05/12 16:14:40 No licenseplate provided, program terminated.
2023/05/12 16:15:12 Failed to send http request: Post "http://192.168.137.77:80/switch/gate/turn_on": dial tcp 192.168.137.77:80: connectex: A connection attempt failed because the connected party did not properly respond after a period of time, or established connection failed because connected host has failed to respond.
2023/05/12 16:15:31 Response status: 200 OK
2023/05/12 16:20:58 Response status: 200 OK
2023/05/12 16:23:20 Response status: 200 OK
2023/05/12 16:27:43 Response status: 200 OK
2023/05/12 16:34:50 Response status: 200 OK
2023/05/12 16:34:52 Response status: 200 OK
2023/05/12 16:36:15 Response status: 200 OK
